<?xml version="1.0" encoding="UTF-8"?>
<!-- Generated by org.testng.reporters.JUnitReportReporter -->
<testsuite hostname="ShreeGanesh" failures="0" tests="1" name="com.TestRunner.runner" time="13.393" errors="0" timestamp="2025-07-11T12:03:47 IST" skipped="0">
  <testcase classname="com.TestRunner.runner" name="runScenario" time="13.393"/>
</testsuite> <!-- com.TestRunner.runner -->
